<?xml version="1.0" encoding="UTF-8"?>
<testsuite xmlns:xsi="http://www.w3.org/2001/XMLSchema-instance" xsi:noNamespaceSchemaLocation="https://maven.apache.org/surefire/maven-surefire-plugin/xsd/surefire-test-report.xsd" name="com.example.demo.DemoApplicationTests" time="9.772" tests="1" errors="0" skipped="0" failures="0">
  <properties>
    <property name="gopherProxySet" value="false"/>
    <property name="awt.toolkit" value="sun.lwawt.macosx.LWCToolkit"/>
    <property name="socksProxyHost" value="127.0.0.1"/>
    <property name="http.proxyHost" value="127.0.0.1"/>
    <property name="java.specification.version" value="1.8"/>
    <property name="file.encoding.pkg" value="sun.io"/>
    <property name="sun.cpu.isalist" value=""/>
    <property name="sun.jnu.encoding" value="UTF-8"/>
    <property name="java.class.path" value="/Users/liding/Documents/demo/target/test-classes:/Users/liding/Documents/demo/target/classes:/Users/liding/.m2/repository/org/springframework/boot/spring-boot-starter/2.6.12/spring-boot-starter-2.6.12.jar:/Users/liding/.m2/repository/org/springframework/boot/spring-boot/2.6.12/spring-boot-2.6.12.jar:/Users/liding/.m2/repository/org/springframework/boot/spring-boot-autoconfigure/2.6.12/spring-boot-autoconfigure-2.6.12.jar:/Users/liding/.m2/repository/org/springframework/boot/spring-boot-starter-logging/2.6.12/spring-boot-starter-logging-2.6.12.jar:/Users/liding/.m2/repository/org/apache/logging/log4j/log4j-to-slf4j/2.17.2/log4j-to-slf4j-2.17.2.jar:/Users/liding/.m2/repository/org/slf4j/jul-to-slf4j/1.7.36/jul-to-slf4j-1.7.36.jar:/Users/liding/.m2/repository/jakarta/annotation/jakarta.annotation-api/1.3.5/jakarta.annotation-api-1.3.5.jar:/Users/liding/.m2/repository/org/springframework/spring-core/5.3.23/spring-core-5.3.23.jar:/Users/liding/.m2/repository/org/springframework/spring-jcl/5.3.23/spring-jcl-5.3.23.jar:/Users/liding/.m2/repository/org/yaml/snakeyaml/1.29/snakeyaml-1.29.jar:/Users/liding/.m2/repository/org/springframework/boot/spring-boot-starter-web/2.6.12/spring-boot-starter-web-2.6.12.jar:/Users/liding/.m2/repository/org/springframework/boot/spring-boot-starter-json/2.6.12/spring-boot-starter-json-2.6.12.jar:/Users/liding/.m2/repository/com/fasterxml/jackson/core/jackson-databind/2.13.4/jackson-databind-2.13.4.jar:/Users/liding/.m2/repository/com/fasterxml/jackson/core/jackson-annotations/2.13.4/jackson-annotations-2.13.4.jar:/Users/liding/.m2/repository/com/fasterxml/jackson/datatype/jackson-datatype-jdk8/2.13.4/jackson-datatype-jdk8-2.13.4.jar:/Users/liding/.m2/repository/com/fasterxml/jackson/datatype/jackson-datatype-jsr310/2.13.4/jackson-datatype-jsr310-2.13.4.jar:/Users/liding/.m2/repository/com/fasterxml/jackson/module/jackson-module-parameter-names/2.13.4/jackson-module-parameter-names-2.13.4.jar:/Users/liding/.m2/repository/org/springframework/boot/spring-boot-starter-tomcat/2.6.12/spring-boot-starter-tomcat-2.6.12.jar:/Users/liding/.m2/repository/org/apache/tomcat/embed/tomcat-embed-core/9.0.65/tomcat-embed-core-9.0.65.jar:/Users/liding/.m2/repository/org/apache/tomcat/embed/tomcat-embed-websocket/9.0.65/tomcat-embed-websocket-9.0.65.jar:/Users/liding/.m2/repository/org/springframework/spring-web/5.3.23/spring-web-5.3.23.jar:/Users/liding/.m2/repository/org/springframework/spring-beans/5.3.23/spring-beans-5.3.23.jar:/Users/liding/.m2/repository/org/springframework/spring-webmvc/5.3.23/spring-webmvc-5.3.23.jar:/Users/liding/.m2/repository/org/springframework/spring-expression/5.3.23/spring-expression-5.3.23.jar:/Users/liding/.m2/repository/org/springframework/boot/spring-boot-starter-validation/2.6.12/spring-boot-starter-validation-2.6.12.jar:/Users/liding/.m2/repository/org/apache/tomcat/embed/tomcat-embed-el/9.0.65/tomcat-embed-el-9.0.65.jar:/Users/liding/.m2/repository/org/hibernate/validator/hibernate-validator/6.2.5.Final/hibernate-validator-6.2.5.Final.jar:/Users/liding/.m2/repository/jakarta/validation/jakarta.validation-api/2.0.2/jakarta.validation-api-2.0.2.jar:/Users/liding/.m2/repository/org/jboss/logging/jboss-logging/3.4.3.Final/jboss-logging-3.4.3.Final.jar:/Users/liding/.m2/repository/com/fasterxml/classmate/1.5.1/classmate-1.5.1.jar:/Users/liding/.m2/repository/mysql/mysql-connector-java/8.0.28/mysql-connector-java-8.0.28.jar:/Users/liding/.m2/repository/com/alibaba/druid/1.1.3/druid-1.1.3.jar:/Library/Java/JavaVirtualMachines/zulu-8.jdk/Contents/Home/jre/../lib/jconsole.jar:/Library/Java/JavaVirtualMachines/zulu-8.jdk/Contents/Home/jre/../lib/tools.jar:/Users/liding/.m2/repository/org/mybatis/spring/boot/mybatis-spring-boot-starter/1.3.5/mybatis-spring-boot-starter-1.3.5.jar:/Users/liding/.m2/repository/org/springframework/boot/spring-boot-starter-jdbc/2.6.12/spring-boot-starter-jdbc-2.6.12.jar:/Users/liding/.m2/repository/com/zaxxer/HikariCP/4.0.3/HikariCP-4.0.3.jar:/Users/liding/.m2/repository/org/mybatis/spring/boot/mybatis-spring-boot-autoconfigure/1.3.5/mybatis-spring-boot-autoconfigure-1.3.5.jar:/Users/liding/.m2/repository/org/mybatis/mybatis/3.4.6/mybatis-3.4.6.jar:/Users/liding/.m2/repository/org/mybatis/mybatis-spring/1.3.3/mybatis-spring-1.3.3.jar:/Users/liding/.m2/repository/org/springframework/boot/spring-boot-starter-aop/2.6.12/spring-boot-starter-aop-2.6.12.jar:/Users/liding/.m2/repository/org/springframework/spring-aop/5.3.23/spring-aop-5.3.23.jar:/Users/liding/.m2/repository/org/aspectj/aspectjweaver/1.9.7/aspectjweaver-1.9.7.jar:/Users/liding/.m2/repository/org/springframework/boot/spring-boot-starter-thymeleaf/2.6.12/spring-boot-starter-thymeleaf-2.6.12.jar:/Users/liding/.m2/repository/org/thymeleaf/thymeleaf-spring5/3.0.15.RELEASE/thymeleaf-spring5-3.0.15.RELEASE.jar:/Users/liding/.m2/repository/org/thymeleaf/thymeleaf/3.0.15.RELEASE/thymeleaf-3.0.15.RELEASE.jar:/Users/liding/.m2/repository/org/attoparser/attoparser/2.0.5.RELEASE/attoparser-2.0.5.RELEASE.jar:/Users/liding/.m2/repository/org/unbescape/unbescape/1.1.6.RELEASE/unbescape-1.1.6.RELEASE.jar:/Users/liding/.m2/repository/org/thymeleaf/extras/thymeleaf-extras-java8time/3.0.4.RELEASE/thymeleaf-extras-java8time-3.0.4.RELEASE.jar:/Users/liding/.m2/repository/com/github/pagehelper/pagehelper-spring-boot-starter/1.4.5/pagehelper-spring-boot-starter-1.4.5.jar:/Users/liding/.m2/repository/com/github/pagehelper/pagehelper-spring-boot-autoconfigure/1.4.5/pagehelper-spring-boot-autoconfigure-1.4.5.jar:/Users/liding/.m2/repository/com/github/pagehelper/pagehelper/5.3.2/pagehelper-5.3.2.jar:/Users/liding/.m2/repository/com/github/jsqlparser/jsqlparser/4.5/jsqlparser-4.5.jar:/Users/liding/.m2/repository/org/springframework/boot/spring-boot-starter-test/2.6.12/spring-boot-starter-test-2.6.12.jar:/Users/liding/.m2/repository/org/springframework/boot/spring-boot-test/2.6.12/spring-boot-test-2.6.12.jar:/Users/liding/.m2/repository/org/springframework/boot/spring-boot-test-autoconfigure/2.6.12/spring-boot-test-autoconfigure-2.6.12.jar:/Users/liding/.m2/repository/com/jayway/jsonpath/json-path/2.6.0/json-path-2.6.0.jar:/Users/liding/.m2/repository/net/minidev/json-smart/2.4.8/json-smart-2.4.8.jar:/Users/liding/.m2/repository/net/minidev/accessors-smart/2.4.8/accessors-smart-2.4.8.jar:/Users/liding/.m2/repository/org/ow2/asm/asm/9.1/asm-9.1.jar:/Users/liding/.m2/repository/jakarta/xml/bind/jakarta.xml.bind-api/2.3.3/jakarta.xml.bind-api-2.3.3.jar:/Users/liding/.m2/repository/jakarta/activation/jakarta.activation-api/1.2.2/jakarta.activation-api-1.2.2.jar:/Users/liding/.m2/repository/org/assertj/assertj-core/3.21.0/assertj-core-3.21.0.jar:/Users/liding/.m2/repository/org/hamcrest/hamcrest/2.2/hamcrest-2.2.jar:/Users/liding/.m2/repository/org/junit/jupiter/junit-jupiter/5.8.2/junit-jupiter-5.8.2.jar:/Users/liding/.m2/repository/org/junit/jupiter/junit-jupiter-api/5.8.2/junit-jupiter-api-5.8.2.jar:/Users/liding/.m2/repository/org/opentest4j/opentest4j/1.2.0/opentest4j-1.2.0.jar:/Users/liding/.m2/repository/org/junit/platform/junit-platform-commons/1.8.2/junit-platform-commons-1.8.2.jar:/Users/liding/.m2/repository/org/apiguardian/apiguardian-api/1.1.2/apiguardian-api-1.1.2.jar:/Users/liding/.m2/repository/org/junit/jupiter/junit-jupiter-params/5.8.2/junit-jupiter-params-5.8.2.jar:/Users/liding/.m2/repository/org/junit/jupiter/junit-jupiter-engine/5.8.2/junit-jupiter-engine-5.8.2.jar:/Users/liding/.m2/repository/org/junit/platform/junit-platform-engine/1.8.2/junit-platform-engine-1.8.2.jar:/Users/liding/.m2/repository/org/mockito/mockito-core/4.0.0/mockito-core-4.0.0.jar:/Users/liding/.m2/repository/net/bytebuddy/byte-buddy/1.11.22/byte-buddy-1.11.22.jar:/Users/liding/.m2/repository/net/bytebuddy/byte-buddy-agent/1.11.22/byte-buddy-agent-1.11.22.jar:/Users/liding/.m2/repository/org/objenesis/objenesis/3.2/objenesis-3.2.jar:/Users/liding/.m2/repository/org/mockito/mockito-junit-jupiter/4.0.0/mockito-junit-jupiter-4.0.0.jar:/Users/liding/.m2/repository/org/skyscreamer/jsonassert/1.5.1/jsonassert-1.5.1.jar:/Users/liding/.m2/repository/com/vaadin/external/google/android-json/0.0.20131108.vaadin1/android-json-0.0.20131108.vaadin1.jar:/Users/liding/.m2/repository/org/springframework/spring-test/5.3.23/spring-test-5.3.23.jar:/Users/liding/.m2/repository/org/xmlunit/xmlunit-core/2.8.4/xmlunit-core-2.8.4.jar:/Users/liding/.m2/repository/org/elasticsearch/client/elasticsearch-rest-client/7.17.0/elasticsearch-rest-client-7.17.0.jar:/Users/liding/.m2/repository/org/apache/httpcomponents/httpclient/4.5.13/httpclient-4.5.13.jar:/Users/liding/.m2/repository/org/apache/httpcomponents/httpcore/4.4.15/httpcore-4.4.15.jar:/Users/liding/.m2/repository/org/apache/httpcomponents/httpasyncclient/4.1.5/httpasyncclient-4.1.5.jar:/Users/liding/.m2/repository/org/apache/httpcomponents/httpcore-nio/4.4.15/httpcore-nio-4.4.15.jar:/Users/liding/.m2/repository/commons-codec/commons-codec/1.15/commons-codec-1.15.jar:/Users/liding/.m2/repository/org/elasticsearch/elasticsearch/7.17.0/elasticsearch-7.17.0.jar:/Users/liding/.m2/repository/org/elasticsearch/elasticsearch-core/7.17.0/elasticsearch-core-7.17.0.jar:/Users/liding/.m2/repository/org/elasticsearch/elasticsearch-secure-sm/7.17.0/elasticsearch-secure-sm-7.17.0.jar:/Users/liding/.m2/repository/org/elasticsearch/elasticsearch-x-content/7.17.0/elasticsearch-x-content-7.17.0.jar:/Users/liding/.m2/repository/com/fasterxml/jackson/core/jackson-core/2.13.4/jackson-core-2.13.4.jar:/Users/liding/.m2/repository/com/fasterxml/jackson/dataformat/jackson-dataformat-smile/2.13.4/jackson-dataformat-smile-2.13.4.jar:/Users/liding/.m2/repository/com/fasterxml/jackson/dataformat/jackson-dataformat-yaml/2.13.4/jackson-dataformat-yaml-2.13.4.jar:/Users/liding/.m2/repository/com/fasterxml/jackson/dataformat/jackson-dataformat-cbor/2.13.4/jackson-dataformat-cbor-2.13.4.jar:/Users/liding/.m2/repository/org/elasticsearch/elasticsearch-geo/7.17.0/elasticsearch-geo-7.17.0.jar:/Users/liding/.m2/repository/org/elasticsearch/elasticsearch-lz4/7.17.0/elasticsearch-lz4-7.17.0.jar:/Users/liding/.m2/repository/org/lz4/lz4-java/1.8.0/lz4-java-1.8.0.jar:/Users/liding/.m2/repository/org/apache/lucene/lucene-core/8.11.1/lucene-core-8.11.1.jar:/Users/liding/.m2/repository/org/apache/lucene/lucene-analyzers-common/8.11.1/lucene-analyzers-common-8.11.1.jar:/Users/liding/.m2/repository/org/apache/lucene/lucene-backward-codecs/8.11.1/lucene-backward-codecs-8.11.1.jar:/Users/liding/.m2/repository/org/apache/lucene/lucene-grouping/8.11.1/lucene-grouping-8.11.1.jar:/Users/liding/.m2/repository/org/apache/lucene/lucene-highlighter/8.11.1/lucene-highlighter-8.11.1.jar:/Users/liding/.m2/repository/org/apache/lucene/lucene-join/8.11.1/lucene-join-8.11.1.jar:/Users/liding/.m2/repository/org/apache/lucene/lucene-memory/8.11.1/lucene-memory-8.11.1.jar:/Users/liding/.m2/repository/org/apache/lucene/lucene-misc/8.11.1/lucene-misc-8.11.1.jar:/Users/liding/.m2/repository/org/apache/lucene/lucene-queries/8.11.1/lucene-queries-8.11.1.jar:/Users/liding/.m2/repository/org/apache/lucene/lucene-queryparser/8.11.1/lucene-queryparser-8.11.1.jar:/Users/liding/.m2/repository/org/apache/lucene/lucene-sandbox/8.11.1/lucene-sandbox-8.11.1.jar:/Users/liding/.m2/repository/org/apache/lucene/lucene-spatial3d/8.11.1/lucene-spatial3d-8.11.1.jar:/Users/liding/.m2/repository/org/apache/lucene/lucene-suggest/8.11.1/lucene-suggest-8.11.1.jar:/Users/liding/.m2/repository/org/elasticsearch/elasticsearch-cli/7.17.0/elasticsearch-cli-7.17.0.jar:/Users/liding/.m2/repository/net/sf/jopt-simple/jopt-simple/5.0.2/jopt-simple-5.0.2.jar:/Users/liding/.m2/repository/com/carrotsearch/hppc/0.8.1/hppc-0.8.1.jar:/Users/liding/.m2/repository/joda-time/joda-time/2.10.10/joda-time-2.10.10.jar:/Users/liding/.m2/repository/com/tdunning/t-digest/3.2/t-digest-3.2.jar:/Users/liding/.m2/repository/org/hdrhistogram/HdrHistogram/2.1.9/HdrHistogram-2.1.9.jar:/Users/liding/.m2/repository/org/apache/logging/log4j/log4j-api/2.17.2/log4j-api-2.17.2.jar:/Users/liding/.m2/repository/net/java/dev/jna/jna/5.10.0/jna-5.10.0.jar:/Users/liding/.m2/repository/org/elasticsearch/elasticsearch-plugin-classloader/7.17.0/elasticsearch-plugin-classloader-7.17.0.jar:/Users/liding/.m2/repository/org/elasticsearch/client/elasticsearch-rest-high-level-client/7.17.0/elasticsearch-rest-high-level-client-7.17.0.jar:/Users/liding/.m2/repository/org/elasticsearch/plugin/mapper-extras-client/7.17.0/mapper-extras-client-7.17.0.jar:/Users/liding/.m2/repository/org/elasticsearch/plugin/parent-join-client/7.17.0/parent-join-client-7.17.0.jar:/Users/liding/.m2/repository/org/elasticsearch/plugin/aggs-matrix-stats-client/7.17.0/aggs-matrix-stats-client-7.17.0.jar:/Users/liding/.m2/repository/org/elasticsearch/plugin/rank-eval-client/7.17.0/rank-eval-client-7.17.0.jar:/Users/liding/.m2/repository/org/elasticsearch/plugin/lang-mustache-client/7.17.0/lang-mustache-client-7.17.0.jar:/Users/liding/.m2/repository/com/github/spullara/mustache/java/compiler/0.9.6/compiler-0.9.6.jar:/Users/liding/.m2/repository/com/alibaba/fastjson/1.2.58/fastjson-1.2.58.jar:/Users/liding/.m2/repository/com/alibaba/otter/canal.client/1.1.3/canal.client-1.1.3.jar:/Users/liding/.m2/repository/com/google/protobuf/protobuf-java/3.6.1/protobuf-java-3.6.1.jar:/Users/liding/.m2/repository/io/netty/netty-all/4.1.82.Final/netty-all-4.1.82.Final.jar:/Users/liding/.m2/repository/io/netty/netty-buffer/4.1.82.Final/netty-buffer-4.1.82.Final.jar:/Users/liding/.m2/repository/io/netty/netty-codec/4.1.82.Final/netty-codec-4.1.82.Final.jar:/Users/liding/.m2/repository/io/netty/netty-codec-dns/4.1.82.Final/netty-codec-dns-4.1.82.Final.jar:/Users/liding/.m2/repository/io/netty/netty-codec-haproxy/4.1.82.Final/netty-codec-haproxy-4.1.82.Final.jar:/Users/liding/.m2/repository/io/netty/netty-codec-http/4.1.82.Final/netty-codec-http-4.1.82.Final.jar:/Users/liding/.m2/repository/io/netty/netty-codec-http2/4.1.82.Final/netty-codec-http2-4.1.82.Final.jar:/Users/liding/.m2/repository/io/netty/netty-codec-memcache/4.1.82.Final/netty-codec-memcache-4.1.82.Final.jar:/Users/liding/.m2/repository/io/netty/netty-codec-mqtt/4.1.82.Final/netty-codec-mqtt-4.1.82.Final.jar:/Users/liding/.m2/repository/io/netty/netty-codec-redis/4.1.82.Final/netty-codec-redis-4.1.82.Final.jar:/Users/liding/.m2/repository/io/netty/netty-codec-smtp/4.1.82.Final/netty-codec-smtp-4.1.82.Final.jar:/Users/liding/.m2/repository/io/netty/netty-codec-socks/4.1.82.Final/netty-codec-socks-4.1.82.Final.jar:/Users/liding/.m2/repository/io/netty/netty-codec-stomp/4.1.82.Final/netty-codec-stomp-4.1.82.Final.jar:/Users/liding/.m2/repository/io/netty/netty-codec-xml/4.1.82.Final/netty-codec-xml-4.1.82.Final.jar:/Users/liding/.m2/repository/io/netty/netty-common/4.1.82.Final/netty-common-4.1.82.Final.jar:/Users/liding/.m2/repository/io/netty/netty-handler/4.1.82.Final/netty-handler-4.1.82.Final.jar:/Users/liding/.m2/repository/io/netty/netty-transport-native-unix-common/4.1.82.Final/netty-transport-native-unix-common-4.1.82.Final.jar:/Users/liding/.m2/repository/io/netty/netty-handler-proxy/4.1.82.Final/netty-handler-proxy-4.1.82.Final.jar:/Users/liding/.m2/repository/io/netty/netty-resolver/4.1.82.Final/netty-resolver-4.1.82.Final.jar:/Users/liding/.m2/repository/io/netty/netty-resolver-dns/4.1.82.Final/netty-resolver-dns-4.1.82.Final.jar:/Users/liding/.m2/repository/io/netty/netty-transport/4.1.82.Final/netty-transport-4.1.82.Final.jar:/Users/liding/.m2/repository/io/netty/netty-transport-rxtx/4.1.82.Final/netty-transport-rxtx-4.1.82.Final.jar:/Users/liding/.m2/repository/io/netty/netty-transport-sctp/4.1.82.Final/netty-transport-sctp-4.1.82.Final.jar:/Users/liding/.m2/repository/io/netty/netty-transport-udt/4.1.82.Final/netty-transport-udt-4.1.82.Final.jar:/Users/liding/.m2/repository/io/netty/netty-transport-classes-epoll/4.1.82.Final/netty-transport-classes-epoll-4.1.82.Final.jar:/Users/liding/.m2/repository/io/netty/netty-transport-classes-kqueue/4.1.82.Final/netty-transport-classes-kqueue-4.1.82.Final.jar:/Users/liding/.m2/repository/io/netty/netty-resolver-dns-classes-macos/4.1.82.Final/netty-resolver-dns-classes-macos-4.1.82.Final.jar:/Users/liding/.m2/repository/io/netty/netty-transport-native-epoll/4.1.82.Final/netty-transport-native-epoll-4.1.82.Final-linux-x86_64.jar:/Users/liding/.m2/repository/io/netty/netty-transport-native-epoll/4.1.82.Final/netty-transport-native-epoll-4.1.82.Final-linux-aarch_64.jar:/Users/liding/.m2/repository/io/netty/netty-transport-native-kqueue/4.1.82.Final/netty-transport-native-kqueue-4.1.82.Final-osx-x86_64.jar:/Users/liding/.m2/repository/io/netty/netty-transport-native-kqueue/4.1.82.Final/netty-transport-native-kqueue-4.1.82.Final-osx-aarch_64.jar:/Users/liding/.m2/repository/io/netty/netty-resolver-dns-native-macos/4.1.82.Final/netty-resolver-dns-native-macos-4.1.82.Final-osx-x86_64.jar:/Users/liding/.m2/repository/io/netty/netty-resolver-dns-native-macos/4.1.82.Final/netty-resolver-dns-native-macos-4.1.82.Final-osx-aarch_64.jar:/Users/liding/.m2/repository/org/apache/zookeeper/zookeeper/3.4.5/zookeeper-3.4.5.jar:/Users/liding/.m2/repository/org/jboss/netty/netty/3.2.2.Final/netty-3.2.2.Final.jar:/Users/liding/.m2/repository/com/101tec/zkclient/0.10/zkclient-0.10.jar:/Users/liding/.m2/repository/commons-io/commons-io/2.4/commons-io-2.4.jar:/Users/liding/.m2/repository/commons-lang/commons-lang/2.6/commons-lang-2.6.jar:/Users/liding/.m2/repository/ch/qos/logback/logback-core/1.2.11/logback-core-1.2.11.jar:/Users/liding/.m2/repository/ch/qos/logback/logback-classic/1.2.11/logback-classic-1.2.11.jar:/Users/liding/.m2/repository/org/slf4j/jcl-over-slf4j/1.7.36/jcl-over-slf4j-1.7.36.jar:/Users/liding/.m2/repository/org/slf4j/slf4j-api/1.7.36/slf4j-api-1.7.36.jar:/Users/liding/.m2/repository/org/springframework/spring-context/5.3.23/spring-context-5.3.23.jar:/Users/liding/.m2/repository/org/springframework/spring-jdbc/5.3.23/spring-jdbc-5.3.23.jar:/Users/liding/.m2/repository/org/springframework/spring-tx/5.3.23/spring-tx-5.3.23.jar:/Users/liding/.m2/repository/org/springframework/spring-orm/5.3.23/spring-orm-5.3.23.jar:/Users/liding/.m2/repository/org/apache/rocketmq/rocketmq-client/4.3.0/rocketmq-client-4.3.0.jar:/Users/liding/.m2/repository/org/apache/rocketmq/rocketmq-common/4.3.0/rocketmq-common-4.3.0.jar:/Users/liding/.m2/repository/org/apache/rocketmq/rocketmq-remoting/4.3.0/rocketmq-remoting-4.3.0.jar:/Users/liding/.m2/repository/org/apache/rocketmq/rocketmq-logging/4.3.0/rocketmq-logging-4.3.0.jar:/Users/liding/.m2/repository/io/netty/netty-tcnative-boringssl-static/2.0.54.Final/netty-tcnative-boringssl-static-2.0.54.Final.jar:/Users/liding/.m2/repository/io/netty/netty-tcnative-classes/2.0.54.Final/netty-tcnative-classes-2.0.54.Final.jar:/Users/liding/.m2/repository/io/netty/netty-tcnative-boringssl-static/2.0.54.Final/netty-tcnative-boringssl-static-2.0.54.Final-linux-x86_64.jar:/Users/liding/.m2/repository/io/netty/netty-tcnative-boringssl-static/2.0.54.Final/netty-tcnative-boringssl-static-2.0.54.Final-linux-aarch_64.jar:/Users/liding/.m2/repository/io/netty/netty-tcnative-boringssl-static/2.0.54.Final/netty-tcnative-boringssl-static-2.0.54.Final-osx-x86_64.jar:/Users/liding/.m2/repository/io/netty/netty-tcnative-boringssl-static/2.0.54.Final/netty-tcnative-boringssl-static-2.0.54.Final-osx-aarch_64.jar:/Users/liding/.m2/repository/io/netty/netty-tcnative-boringssl-static/2.0.54.Final/netty-tcnative-boringssl-static-2.0.54.Final-windows-x86_64.jar:/Users/liding/.m2/repository/org/apache/commons/commons-lang3/3.12.0/commons-lang3-3.12.0.jar:/Users/liding/.m2/repository/com/aliyun/openservices/aliware-apache-rocketmq-cloud/1.0/aliware-apache-rocketmq-cloud-1.0.jar:/Users/liding/.m2/repository/com/alibaba/otter/canal.common/1.1.3/canal.common-1.1.3.jar:/Users/liding/.m2/repository/com/google/code/findbugs/jsr305/3.0.2/jsr305-3.0.2.jar:/Users/liding/.m2/repository/com/alibaba/otter/canal.protocol/1.1.3/canal.protocol-1.1.3.jar:/Users/liding/.m2/repository/org/xerial/snappy/snappy-java/1.1.8.4/snappy-java-1.1.8.4.jar:/Users/liding/.m2/repository/org/apache/spark/spark-mllib_2.12/2.4.4/spark-mllib_2.12-2.4.4.jar:/Users/liding/.m2/repository/org/scala-lang/modules/scala-parser-combinators_2.12/1.1.0/scala-parser-combinators_2.12-1.1.0.jar:/Users/liding/.m2/repository/org/scala-lang/scala-library/2.12.4/scala-library-2.12.4.jar:/Users/liding/.m2/repository/org/apache/spark/spark-core_2.12/2.4.4/spark-core_2.12-2.4.4.jar:/Users/liding/.m2/repository/com/thoughtworks/paranamer/paranamer/2.8/paranamer-2.8.jar:/Users/liding/.m2/repository/org/apache/avro/avro/1.8.2/avro-1.8.2.jar:/Users/liding/.m2/repository/org/codehaus/jackson/jackson-core-asl/1.9.13/jackson-core-asl-1.9.13.jar:/Users/liding/.m2/repository/org/codehaus/jackson/jackson-mapper-asl/1.9.13/jackson-mapper-asl-1.9.13.jar:/Users/liding/.m2/repository/org/apache/commons/commons-compress/1.8.1/commons-compress-1.8.1.jar:/Users/liding/.m2/repository/org/tukaani/xz/1.5/xz-1.5.jar:/Users/liding/.m2/repository/org/apache/avro/avro-mapred/1.8.2/avro-mapred-1.8.2-hadoop2.jar:/Users/liding/.m2/repository/org/apache/avro/avro-ipc/1.8.2/avro-ipc-1.8.2.jar:/Users/liding/.m2/repository/com/twitter/chill_2.12/0.9.3/chill_2.12-0.9.3.jar:/Users/liding/.m2/repository/com/esotericsoftware/kryo-shaded/4.0.2/kryo-shaded-4.0.2.jar:/Users/liding/.m2/repository/com/esotericsoftware/minlog/1.3.0/minlog-1.3.0.jar:/Users/liding/.m2/repository/com/twitter/chill-java/0.9.3/chill-java-0.9.3.jar:/Users/liding/.m2/repository/org/apache/xbean/xbean-asm6-shaded/4.8/xbean-asm6-shaded-4.8.jar:/Users/liding/.m2/repository/org/apache/hadoop/hadoop-client/2.6.5/hadoop-client-2.6.5.jar:/Users/liding/.m2/repository/org/apache/hadoop/hadoop-common/2.6.5/hadoop-common-2.6.5.jar:/Users/liding/.m2/repository/commons-cli/commons-cli/1.2/commons-cli-1.2.jar:/Users/liding/.m2/repository/xmlenc/xmlenc/0.52/xmlenc-0.52.jar:/Users/liding/.m2/repository/commons-httpclient/commons-httpclient/3.1/commons-httpclient-3.1.jar:/Users/liding/.m2/repository/commons-collections/commons-collections/3.2.2/commons-collections-3.2.2.jar:/Users/liding/.m2/repository/commons-configuration/commons-configuration/1.6/commons-configuration-1.6.jar:/Users/liding/.m2/repository/commons-digester/commons-digester/1.8/commons-digester-1.8.jar:/Users/liding/.m2/repository/commons-beanutils/commons-beanutils/1.7.0/commons-beanutils-1.7.0.jar:/Users/liding/.m2/repository/com/google/code/gson/gson/2.8.9/gson-2.8.9.jar:/Users/liding/.m2/repository/org/apache/hadoop/hadoop-auth/2.6.5/hadoop-auth-2.6.5.jar:/Users/liding/.m2/repository/org/apache/directory/server/apacheds-kerberos-codec/2.0.0-M15/apacheds-kerberos-codec-2.0.0-M15.jar:/Users/liding/.m2/repository/org/apache/directory/server/apacheds-i18n/2.0.0-M15/apacheds-i18n-2.0.0-M15.jar:/Users/liding/.m2/repository/org/apache/directory/api/api-asn1-api/1.0.0-M20/api-asn1-api-1.0.0-M20.jar:/Users/liding/.m2/repository/org/apache/directory/api/api-util/1.0.0-M20/api-util-1.0.0-M20.jar:/Users/liding/.m2/repository/org/apache/curator/curator-client/2.6.0/curator-client-2.6.0.jar:/Users/liding/.m2/repository/org/htrace/htrace-core/3.0.4/htrace-core-3.0.4.jar:/Users/liding/.m2/repository/org/apache/hadoop/hadoop-hdfs/2.6.5/hadoop-hdfs-2.6.5.jar:/Users/liding/.m2/repository/org/mortbay/jetty/jetty-util/6.1.26/jetty-util-6.1.26.jar:/Users/liding/.m2/repository/xerces/xercesImpl/2.9.1/xercesImpl-2.9.1.jar:/Users/liding/.m2/repository/xml-apis/xml-apis/1.3.04/xml-apis-1.3.04.jar:/Users/liding/.m2/repository/org/apache/hadoop/hadoop-mapreduce-client-app/2.6.5/hadoop-mapreduce-client-app-2.6.5.jar:/Users/liding/.m2/repository/org/apache/hadoop/hadoop-mapreduce-client-common/2.6.5/hadoop-mapreduce-client-common-2.6.5.jar:/Users/liding/.m2/repository/org/apache/hadoop/hadoop-yarn-client/2.6.5/hadoop-yarn-client-2.6.5.jar:/Users/liding/.m2/repository/org/apache/hadoop/hadoop-yarn-server-common/2.6.5/hadoop-yarn-server-common-2.6.5.jar:/Users/liding/.m2/repository/org/apache/hadoop/hadoop-mapreduce-client-shuffle/2.6.5/hadoop-mapreduce-client-shuffle-2.6.5.jar:/Users/liding/.m2/repository/org/apache/hadoop/hadoop-yarn-api/2.6.5/hadoop-yarn-api-2.6.5.jar:/Users/liding/.m2/repository/org/apache/hadoop/hadoop-mapreduce-client-core/2.6.5/hadoop-mapreduce-client-core-2.6.5.jar:/Users/liding/.m2/repository/org/apache/hadoop/hadoop-yarn-common/2.6.5/hadoop-yarn-common-2.6.5.jar:/Users/liding/.m2/repository/javax/xml/bind/jaxb-api/2.3.1/jaxb-api-2.3.1.jar:/Users/liding/.m2/repository/javax/activation/javax.activation-api/1.2.0/javax.activation-api-1.2.0.jar:/Users/liding/.m2/repository/org/codehaus/jackson/jackson-jaxrs/1.9.13/jackson-jaxrs-1.9.13.jar:/Users/liding/.m2/repository/org/codehaus/jackson/jackson-xc/1.9.13/jackson-xc-1.9.13.jar:/Users/liding/.m2/repository/org/apache/hadoop/hadoop-mapreduce-client-jobclient/2.6.5/hadoop-mapreduce-client-jobclient-2.6.5.jar:/Users/liding/.m2/repository/org/apache/hadoop/hadoop-annotations/2.6.5/hadoop-annotations-2.6.5.jar:/Users/liding/.m2/repository/org/apache/spark/spark-launcher_2.12/2.4.4/spark-launcher_2.12-2.4.4.jar:/Users/liding/.m2/repository/org/apache/spark/spark-kvstore_2.12/2.4.4/spark-kvstore_2.12-2.4.4.jar:/Users/liding/.m2/repository/org/fusesource/leveldbjni/leveldbjni-all/1.8/leveldbjni-all-1.8.jar:/Users/liding/.m2/repository/org/apache/spark/spark-network-common_2.12/2.4.4/spark-network-common_2.12-2.4.4.jar:/Users/liding/.m2/repository/org/apache/spark/spark-network-shuffle_2.12/2.4.4/spark-network-shuffle_2.12-2.4.4.jar:/Users/liding/.m2/repository/org/apache/spark/spark-unsafe_2.12/2.4.4/spark-unsafe_2.12-2.4.4.jar:/Users/liding/.m2/repository/javax/activation/activation/1.1.1/activation-1.1.1.jar:/Users/liding/.m2/repository/org/apache/curator/curator-recipes/2.6.0/curator-recipes-2.6.0.jar:/Users/liding/.m2/repository/org/apache/curator/curator-framework/2.6.0/curator-framework-2.6.0.jar:/Users/liding/.m2/repository/javax/servlet/javax.servlet-api/4.0.1/javax.servlet-api-4.0.1.jar:/Users/liding/.m2/repository/log4j/log4j/1.2.17/log4j-1.2.17.jar:/Users/liding/.m2/repository/org/slf4j/slf4j-reload4j/1.7.36/slf4j-reload4j-1.7.36.jar:/Users/liding/.m2/repository/ch/qos/reload4j/reload4j/1.2.19/reload4j-1.2.19.jar:/Users/liding/.m2/repository/com/ning/compress-lzf/1.0.3/compress-lzf-1.0.3.jar:/Users/liding/.m2/repository/com/github/luben/zstd-jni/1.3.2-2/zstd-jni-1.3.2-2.jar:/Users/liding/.m2/repository/org/roaringbitmap/RoaringBitmap/0.7.45/RoaringBitmap-0.7.45.jar:/Users/liding/.m2/repository/org/roaringbitmap/shims/0.7.45/shims-0.7.45.jar:/Users/liding/.m2/repository/commons-net/commons-net/3.1/commons-net-3.1.jar:/Users/liding/.m2/repository/org/json4s/json4s-jackson_2.12/3.5.3/json4s-jackson_2.12-3.5.3.jar:/Users/liding/.m2/repository/org/json4s/json4s-core_2.12/3.5.3/json4s-core_2.12-3.5.3.jar:/Users/liding/.m2/repository/org/json4s/json4s-ast_2.12/3.5.3/json4s-ast_2.12-3.5.3.jar:/Users/liding/.m2/repository/org/json4s/json4s-scalap_2.12/3.5.3/json4s-scalap_2.12-3.5.3.jar:/Users/liding/.m2/repository/org/scala-lang/modules/scala-xml_2.12/1.0.6/scala-xml_2.12-1.0.6.jar:/Users/liding/.m2/repository/org/glassfish/jersey/core/jersey-client/2.35/jersey-client-2.35.jar:/Users/liding/.m2/repository/jakarta/ws/rs/jakarta.ws.rs-api/2.1.6/jakarta.ws.rs-api-2.1.6.jar:/Users/liding/.m2/repository/org/glassfish/hk2/external/jakarta.inject/2.6.1/jakarta.inject-2.6.1.jar:/Users/liding/.m2/repository/org/glassfish/jersey/core/jersey-common/2.35/jersey-common-2.35.jar:/Users/liding/.m2/repository/org/glassfish/hk2/osgi-resource-locator/1.0.3/osgi-resource-locator-1.0.3.jar:/Users/liding/.m2/repository/org/glassfish/jersey/core/jersey-server/2.35/jersey-server-2.35.jar:/Users/liding/.m2/repository/org/glassfish/jersey/containers/jersey-container-servlet/2.35/jersey-container-servlet-2.35.jar:/Users/liding/.m2/repository/org/glassfish/jersey/containers/jersey-container-servlet-core/2.35/jersey-container-servlet-core-2.35.jar:/Users/liding/.m2/repository/io/netty/netty/3.9.9.Final/netty-3.9.9.Final.jar:/Users/liding/.m2/repository/com/clearspring/analytics/stream/2.7.0/stream-2.7.0.jar:/Users/liding/.m2/repository/io/dropwizard/metrics/metrics-core/4.2.12/metrics-core-4.2.12.jar:/Users/liding/.m2/repository/io/dropwizard/metrics/metrics-jvm/4.2.12/metrics-jvm-4.2.12.jar:/Users/liding/.m2/repository/io/dropwizard/metrics/metrics-json/4.2.12/metrics-json-4.2.12.jar:/Users/liding/.m2/repository/io/dropwizard/metrics/metrics-graphite/4.2.12/metrics-graphite-4.2.12.jar:/Users/liding/.m2/repository/com/rabbitmq/amqp-client/5.13.1/amqp-client-5.13.1.jar:/Users/liding/.m2/repository/com/fasterxml/jackson/module/jackson-module-scala_2.12/2.13.4/jackson-module-scala_2.12-2.13.4.jar:/Users/liding/.m2/repository/org/apache/ivy/ivy/2.4.0/ivy-2.4.0.jar:/Users/liding/.m2/repository/oro/oro/2.0.8/oro-2.0.8.jar:/Users/liding/.m2/repository/net/razorvine/pyrolite/4.13/pyrolite-4.13.jar:/Users/liding/.m2/repository/net/sf/py4j/py4j/0.10.7/py4j-0.10.7.jar:/Users/liding/.m2/repository/org/apache/commons/commons-crypto/1.0.0/commons-crypto-1.0.0.jar:/Users/liding/.m2/repository/org/apache/spark/spark-streaming_2.12/2.4.4/spark-streaming_2.12-2.4.4.jar:/Users/liding/.m2/repository/org/apache/spark/spark-sql_2.12/2.4.4/spark-sql_2.12-2.4.4.jar:/Users/liding/.m2/repository/com/univocity/univocity-parsers/2.7.3/univocity-parsers-2.7.3.jar:/Users/liding/.m2/repository/org/apache/spark/spark-sketch_2.12/2.4.4/spark-sketch_2.12-2.4.4.jar:/Users/liding/.m2/repository/org/apache/spark/spark-catalyst_2.12/2.4.4/spark-catalyst_2.12-2.4.4.jar:/Users/liding/.m2/repository/org/scala-lang/scala-reflect/2.12.8/scala-reflect-2.12.8.jar:/Users/liding/.m2/repository/org/antlr/antlr4-runtime/4.7/antlr4-runtime-4.7.jar:/Users/liding/.m2/repository/org/apache/orc/orc-core/1.5.5/orc-core-1.5.5-nohive.jar:/Users/liding/.m2/repository/org/apache/orc/orc-shims/1.5.5/orc-shims-1.5.5.jar:/Users/liding/.m2/repository/io/airlift/aircompressor/0.10/aircompressor-0.10.jar:/Users/liding/.m2/repository/org/apache/orc/orc-mapreduce/1.5.5/orc-mapreduce-1.5.5-nohive.jar:/Users/liding/.m2/repository/org/apache/parquet/parquet-column/1.10.1/parquet-column-1.10.1.jar:/Users/liding/.m2/repository/org/apache/parquet/parquet-common/1.10.1/parquet-common-1.10.1.jar:/Users/liding/.m2/repository/org/apache/parquet/parquet-encoding/1.10.1/parquet-encoding-1.10.1.jar:/Users/liding/.m2/repository/org/apache/parquet/parquet-hadoop/1.10.1/parquet-hadoop-1.10.1.jar:/Users/liding/.m2/repository/org/apache/parquet/parquet-format/2.4.0/parquet-format-2.4.0.jar:/Users/liding/.m2/repository/org/apache/parquet/parquet-jackson/1.10.1/parquet-jackson-1.10.1.jar:/Users/liding/.m2/repository/org/apache/arrow/arrow-vector/0.10.0/arrow-vector-0.10.0.jar:/Users/liding/.m2/repository/org/apache/arrow/arrow-format/0.10.0/arrow-format-0.10.0.jar:/Users/liding/.m2/repository/org/apache/arrow/arrow-memory/0.10.0/arrow-memory-0.10.0.jar:/Users/liding/.m2/repository/com/vlkan/flatbuffers/1.2.0-3f79e055/flatbuffers-1.2.0-3f79e055.jar:/Users/liding/.m2/repository/org/apache/spark/spark-graphx_2.12/2.4.4/spark-graphx_2.12-2.4.4.jar:/Users/liding/.m2/repository/com/github/fommil/netlib/core/1.1.2/core-1.1.2.jar:/Users/liding/.m2/repository/net/sourceforge/f2j/arpack_combined_all/0.1/arpack_combined_all-0.1.jar:/Users/liding/.m2/repository/org/apache/spark/spark-mllib-local_2.12/2.4.4/spark-mllib-local_2.12-2.4.4.jar:/Users/liding/.m2/repository/org/scalanlp/breeze_2.12/0.13.2/breeze_2.12-0.13.2.jar:/Users/liding/.m2/repository/org/scalanlp/breeze-macros_2.12/0.13.2/breeze-macros_2.12-0.13.2.jar:/Users/liding/.m2/repository/net/sf/opencsv/opencsv/2.3/opencsv-2.3.jar:/Users/liding/.m2/repository/com/github/rwl/jtransforms/2.4.0/jtransforms-2.4.0.jar:/Users/liding/.m2/repository/org/spire-math/spire_2.12/0.13.0/spire_2.12-0.13.0.jar:/Users/liding/.m2/repository/org/spire-math/spire-macros_2.12/0.13.0/spire-macros_2.12-0.13.0.jar:/Users/liding/.m2/repository/org/typelevel/machinist_2.12/0.6.1/machinist_2.12-0.6.1.jar:/Users/liding/.m2/repository/com/chuusai/shapeless_2.12/2.3.2/shapeless_2.12-2.3.2.jar:/Users/liding/.m2/repository/org/typelevel/macro-compat_2.12/1.1.1/macro-compat_2.12-1.1.1.jar:/Users/liding/.m2/repository/org/apache/commons/commons-math3/3.4.1/commons-math3-3.4.1.jar:/Users/liding/.m2/repository/org/apache/spark/spark-tags_2.12/2.4.4/spark-tags_2.12-2.4.4.jar:/Users/liding/.m2/repository/org/spark-project/spark/unused/1.0.0/unused-1.0.0.jar:/Users/liding/.m2/repository/org/codehaus/janino/janino/3.0.16/janino-3.0.16.jar:/Users/liding/.m2/repository/org/codehaus/janino/commons-compiler/3.0.16/commons-compiler-3.0.16.jar:/Users/liding/.m2/repository/com/google/guava/guava/14.0.1/guava-14.0.1.jar:"/>
    <property name="https.proxyPort" value="7890"/>
    <property name="java.vm.vendor" value="Azul Systems, Inc."/>
    <property name="sun.arch.data.model" value="64"/>
    <property name="java.vendor.url" value="http://www.azul.com/"/>
    <property name="user.timezone" value=""/>
    <property name="java.vm.specification.version" value="1.8"/>
    <property name="os.name" value="Mac OS X"/>
    <property name="user.country" value="CN"/>
    <property name="sun.java.launcher" value="SUN_STANDARD"/>
    <property name="sun.boot.library.path" value="/Library/Java/JavaVirtualMachines/zulu-8.jdk/Contents/Home/jre/lib"/>
    <property name="sun.java.command" value="/Users/liding/Documents/demo/target/surefire/surefirebooter6533996612955953446.jar /Users/liding/Documents/demo/target/surefire 2022-10-23T21-46-47_956-jvmRun1 surefire8547835474371105148tmp surefire_02864571600031349207tmp"/>
    <property name="http.nonProxyHosts" value="192.168.0.0/16|*.192.168.0.0/16|10.0.0.0/8|*.10.0.0.0/8|172.16.0.0/12|*.172.16.0.0/12|127.0.0.1|localhost|*.localhost|local|*.local|timestamp.apple.com|*.timestamp.apple.com"/>
    <property name="surefire.test.class.path" value="/Users/liding/Documents/demo/target/test-classes:/Users/liding/Documents/demo/target/classes:/Users/liding/.m2/repository/org/springframework/boot/spring-boot-starter/2.6.12/spring-boot-starter-2.6.12.jar:/Users/liding/.m2/repository/org/springframework/boot/spring-boot/2.6.12/spring-boot-2.6.12.jar:/Users/liding/.m2/repository/org/springframework/boot/spring-boot-autoconfigure/2.6.12/spring-boot-autoconfigure-2.6.12.jar:/Users/liding/.m2/repository/org/springframework/boot/spring-boot-starter-logging/2.6.12/spring-boot-starter-logging-2.6.12.jar:/Users/liding/.m2/repository/org/apache/logging/log4j/log4j-to-slf4j/2.17.2/log4j-to-slf4j-2.17.2.jar:/Users/liding/.m2/repository/org/slf4j/jul-to-slf4j/1.7.36/jul-to-slf4j-1.7.36.jar:/Users/liding/.m2/repository/jakarta/annotation/jakarta.annotation-api/1.3.5/jakarta.annotation-api-1.3.5.jar:/Users/liding/.m2/repository/org/springframework/spring-core/5.3.23/spring-core-5.3.23.jar:/Users/liding/.m2/repository/org/springframework/spring-jcl/5.3.23/spring-jcl-5.3.23.jar:/Users/liding/.m2/repository/org/yaml/snakeyaml/1.29/snakeyaml-1.29.jar:/Users/liding/.m2/repository/org/springframework/boot/spring-boot-starter-web/2.6.12/spring-boot-starter-web-2.6.12.jar:/Users/liding/.m2/repository/org/springframework/boot/spring-boot-starter-json/2.6.12/spring-boot-starter-json-2.6.12.jar:/Users/liding/.m2/repository/com/fasterxml/jackson/core/jackson-databind/2.13.4/jackson-databind-2.13.4.jar:/Users/liding/.m2/repository/com/fasterxml/jackson/core/jackson-annotations/2.13.4/jackson-annotations-2.13.4.jar:/Users/liding/.m2/repository/com/fasterxml/jackson/datatype/jackson-datatype-jdk8/2.13.4/jackson-datatype-jdk8-2.13.4.jar:/Users/liding/.m2/repository/com/fasterxml/jackson/datatype/jackson-datatype-jsr310/2.13.4/jackson-datatype-jsr310-2.13.4.jar:/Users/liding/.m2/repository/com/fasterxml/jackson/module/jackson-module-parameter-names/2.13.4/jackson-module-parameter-names-2.13.4.jar:/Users/liding/.m2/repository/org/springframework/boot/spring-boot-starter-tomcat/2.6.12/spring-boot-starter-tomcat-2.6.12.jar:/Users/liding/.m2/repository/org/apache/tomcat/embed/tomcat-embed-core/9.0.65/tomcat-embed-core-9.0.65.jar:/Users/liding/.m2/repository/org/apache/tomcat/embed/tomcat-embed-websocket/9.0.65/tomcat-embed-websocket-9.0.65.jar:/Users/liding/.m2/repository/org/springframework/spring-web/5.3.23/spring-web-5.3.23.jar:/Users/liding/.m2/repository/org/springframework/spring-beans/5.3.23/spring-beans-5.3.23.jar:/Users/liding/.m2/repository/org/springframework/spring-webmvc/5.3.23/spring-webmvc-5.3.23.jar:/Users/liding/.m2/repository/org/springframework/spring-expression/5.3.23/spring-expression-5.3.23.jar:/Users/liding/.m2/repository/org/springframework/boot/spring-boot-starter-validation/2.6.12/spring-boot-starter-validation-2.6.12.jar:/Users/liding/.m2/repository/org/apache/tomcat/embed/tomcat-embed-el/9.0.65/tomcat-embed-el-9.0.65.jar:/Users/liding/.m2/repository/org/hibernate/validator/hibernate-validator/6.2.5.Final/hibernate-validator-6.2.5.Final.jar:/Users/liding/.m2/repository/jakarta/validation/jakarta.validation-api/2.0.2/jakarta.validation-api-2.0.2.jar:/Users/liding/.m2/repository/org/jboss/logging/jboss-logging/3.4.3.Final/jboss-logging-3.4.3.Final.jar:/Users/liding/.m2/repository/com/fasterxml/classmate/1.5.1/classmate-1.5.1.jar:/Users/liding/.m2/repository/mysql/mysql-connector-java/8.0.28/mysql-connector-java-8.0.28.jar:/Users/liding/.m2/repository/com/alibaba/druid/1.1.3/druid-1.1.3.jar:/Library/Java/JavaVirtualMachines/zulu-8.jdk/Contents/Home/jre/../lib/jconsole.jar:/Library/Java/JavaVirtualMachines/zulu-8.jdk/Contents/Home/jre/../lib/tools.jar:/Users/liding/.m2/repository/org/mybatis/spring/boot/mybatis-spring-boot-starter/1.3.5/mybatis-spring-boot-starter-1.3.5.jar:/Users/liding/.m2/repository/org/springframework/boot/spring-boot-starter-jdbc/2.6.12/spring-boot-starter-jdbc-2.6.12.jar:/Users/liding/.m2/repository/com/zaxxer/HikariCP/4.0.3/HikariCP-4.0.3.jar:/Users/liding/.m2/repository/org/mybatis/spring/boot/mybatis-spring-boot-autoconfigure/1.3.5/mybatis-spring-boot-autoconfigure-1.3.5.jar:/Users/liding/.m2/repository/org/mybatis/mybatis/3.4.6/mybatis-3.4.6.jar:/Users/liding/.m2/repository/org/mybatis/mybatis-spring/1.3.3/mybatis-spring-1.3.3.jar:/Users/liding/.m2/repository/org/springframework/boot/spring-boot-starter-aop/2.6.12/spring-boot-starter-aop-2.6.12.jar:/Users/liding/.m2/repository/org/springframework/spring-aop/5.3.23/spring-aop-5.3.23.jar:/Users/liding/.m2/repository/org/aspectj/aspectjweaver/1.9.7/aspectjweaver-1.9.7.jar:/Users/liding/.m2/repository/org/springframework/boot/spring-boot-starter-thymeleaf/2.6.12/spring-boot-starter-thymeleaf-2.6.12.jar:/Users/liding/.m2/repository/org/thymeleaf/thymeleaf-spring5/3.0.15.RELEASE/thymeleaf-spring5-3.0.15.RELEASE.jar:/Users/liding/.m2/repository/org/thymeleaf/thymeleaf/3.0.15.RELEASE/thymeleaf-3.0.15.RELEASE.jar:/Users/liding/.m2/repository/org/attoparser/attoparser/2.0.5.RELEASE/attoparser-2.0.5.RELEASE.jar:/Users/liding/.m2/repository/org/unbescape/unbescape/1.1.6.RELEASE/unbescape-1.1.6.RELEASE.jar:/Users/liding/.m2/repository/org/thymeleaf/extras/thymeleaf-extras-java8time/3.0.4.RELEASE/thymeleaf-extras-java8time-3.0.4.RELEASE.jar:/Users/liding/.m2/repository/com/github/pagehelper/pagehelper-spring-boot-starter/1.4.5/pagehelper-spring-boot-starter-1.4.5.jar:/Users/liding/.m2/repository/com/github/pagehelper/pagehelper-spring-boot-autoconfigure/1.4.5/pagehelper-spring-boot-autoconfigure-1.4.5.jar:/Users/liding/.m2/repository/com/github/pagehelper/pagehelper/5.3.2/pagehelper-5.3.2.jar:/Users/liding/.m2/repository/com/github/jsqlparser/jsqlparser/4.5/jsqlparser-4.5.jar:/Users/liding/.m2/repository/org/springframework/boot/spring-boot-starter-test/2.6.12/spring-boot-starter-test-2.6.12.jar:/Users/liding/.m2/repository/org/springframework/boot/spring-boot-test/2.6.12/spring-boot-test-2.6.12.jar:/Users/liding/.m2/repository/org/springframework/boot/spring-boot-test-autoconfigure/2.6.12/spring-boot-test-autoconfigure-2.6.12.jar:/Users/liding/.m2/repository/com/jayway/jsonpath/json-path/2.6.0/json-path-2.6.0.jar:/Users/liding/.m2/repository/net/minidev/json-smart/2.4.8/json-smart-2.4.8.jar:/Users/liding/.m2/repository/net/minidev/accessors-smart/2.4.8/accessors-smart-2.4.8.jar:/Users/liding/.m2/repository/org/ow2/asm/asm/9.1/asm-9.1.jar:/Users/liding/.m2/repository/jakarta/xml/bind/jakarta.xml.bind-api/2.3.3/jakarta.xml.bind-api-2.3.3.jar:/Users/liding/.m2/repository/jakarta/activation/jakarta.activation-api/1.2.2/jakarta.activation-api-1.2.2.jar:/Users/liding/.m2/repository/org/assertj/assertj-core/3.21.0/assertj-core-3.21.0.jar:/Users/liding/.m2/repository/org/hamcrest/hamcrest/2.2/hamcrest-2.2.jar:/Users/liding/.m2/repository/org/junit/jupiter/junit-jupiter/5.8.2/junit-jupiter-5.8.2.jar:/Users/liding/.m2/repository/org/junit/jupiter/junit-jupiter-api/5.8.2/junit-jupiter-api-5.8.2.jar:/Users/liding/.m2/repository/org/opentest4j/opentest4j/1.2.0/opentest4j-1.2.0.jar:/Users/liding/.m2/repository/org/junit/platform/junit-platform-commons/1.8.2/junit-platform-commons-1.8.2.jar:/Users/liding/.m2/repository/org/apiguardian/apiguardian-api/1.1.2/apiguardian-api-1.1.2.jar:/Users/liding/.m2/repository/org/junit/jupiter/junit-jupiter-params/5.8.2/junit-jupiter-params-5.8.2.jar:/Users/liding/.m2/repository/org/junit/jupiter/junit-jupiter-engine/5.8.2/junit-jupiter-engine-5.8.2.jar:/Users/liding/.m2/repository/org/junit/platform/junit-platform-engine/1.8.2/junit-platform-engine-1.8.2.jar:/Users/liding/.m2/repository/org/mockito/mockito-core/4.0.0/mockito-core-4.0.0.jar:/Users/liding/.m2/repository/net/bytebuddy/byte-buddy/1.11.22/byte-buddy-1.11.22.jar:/Users/liding/.m2/repository/net/bytebuddy/byte-buddy-agent/1.11.22/byte-buddy-agent-1.11.22.jar:/Users/liding/.m2/repository/org/objenesis/objenesis/3.2/objenesis-3.2.jar:/Users/liding/.m2/repository/org/mockito/mockito-junit-jupiter/4.0.0/mockito-junit-jupiter-4.0.0.jar:/Users/liding/.m2/repository/org/skyscreamer/jsonassert/1.5.1/jsonassert-1.5.1.jar:/Users/liding/.m2/repository/com/vaadin/external/google/android-json/0.0.20131108.vaadin1/android-json-0.0.20131108.vaadin1.jar:/Users/liding/.m2/repository/org/springframework/spring-test/5.3.23/spring-test-5.3.23.jar:/Users/liding/.m2/repository/org/xmlunit/xmlunit-core/2.8.4/xmlunit-core-2.8.4.jar:/Users/liding/.m2/repository/org/elasticsearch/client/elasticsearch-rest-client/7.17.0/elasticsearch-rest-client-7.17.0.jar:/Users/liding/.m2/repository/org/apache/httpcomponents/httpclient/4.5.13/httpclient-4.5.13.jar:/Users/liding/.m2/repository/org/apache/httpcomponents/httpcore/4.4.15/httpcore-4.4.15.jar:/Users/liding/.m2/repository/org/apache/httpcomponents/httpasyncclient/4.1.5/httpasyncclient-4.1.5.jar:/Users/liding/.m2/repository/org/apache/httpcomponents/httpcore-nio/4.4.15/httpcore-nio-4.4.15.jar:/Users/liding/.m2/repository/commons-codec/commons-codec/1.15/commons-codec-1.15.jar:/Users/liding/.m2/repository/org/elasticsearch/elasticsearch/7.17.0/elasticsearch-7.17.0.jar:/Users/liding/.m2/repository/org/elasticsearch/elasticsearch-core/7.17.0/elasticsearch-core-7.17.0.jar:/Users/liding/.m2/repository/org/elasticsearch/elasticsearch-secure-sm/7.17.0/elasticsearch-secure-sm-7.17.0.jar:/Users/liding/.m2/repository/org/elasticsearch/elasticsearch-x-content/7.17.0/elasticsearch-x-content-7.17.0.jar:/Users/liding/.m2/repository/com/fasterxml/jackson/core/jackson-core/2.13.4/jackson-core-2.13.4.jar:/Users/liding/.m2/repository/com/fasterxml/jackson/dataformat/jackson-dataformat-smile/2.13.4/jackson-dataformat-smile-2.13.4.jar:/Users/liding/.m2/repository/com/fasterxml/jackson/dataformat/jackson-dataformat-yaml/2.13.4/jackson-dataformat-yaml-2.13.4.jar:/Users/liding/.m2/repository/com/fasterxml/jackson/dataformat/jackson-dataformat-cbor/2.13.4/jackson-dataformat-cbor-2.13.4.jar:/Users/liding/.m2/repository/org/elasticsearch/elasticsearch-geo/7.17.0/elasticsearch-geo-7.17.0.jar:/Users/liding/.m2/repository/org/elasticsearch/elasticsearch-lz4/7.17.0/elasticsearch-lz4-7.17.0.jar:/Users/liding/.m2/repository/org/lz4/lz4-java/1.8.0/lz4-java-1.8.0.jar:/Users/liding/.m2/repository/org/apache/lucene/lucene-core/8.11.1/lucene-core-8.11.1.jar:/Users/liding/.m2/repository/org/apache/lucene/lucene-analyzers-common/8.11.1/lucene-analyzers-common-8.11.1.jar:/Users/liding/.m2/repository/org/apache/lucene/lucene-backward-codecs/8.11.1/lucene-backward-codecs-8.11.1.jar:/Users/liding/.m2/repository/org/apache/lucene/lucene-grouping/8.11.1/lucene-grouping-8.11.1.jar:/Users/liding/.m2/repository/org/apache/lucene/lucene-highlighter/8.11.1/lucene-highlighter-8.11.1.jar:/Users/liding/.m2/repository/org/apache/lucene/lucene-join/8.11.1/lucene-join-8.11.1.jar:/Users/liding/.m2/repository/org/apache/lucene/lucene-memory/8.11.1/lucene-memory-8.11.1.jar:/Users/liding/.m2/repository/org/apache/lucene/lucene-misc/8.11.1/lucene-misc-8.11.1.jar:/Users/liding/.m2/repository/org/apache/lucene/lucene-queries/8.11.1/lucene-queries-8.11.1.jar:/Users/liding/.m2/repository/org/apache/lucene/lucene-queryparser/8.11.1/lucene-queryparser-8.11.1.jar:/Users/liding/.m2/repository/org/apache/lucene/lucene-sandbox/8.11.1/lucene-sandbox-8.11.1.jar:/Users/liding/.m2/repository/org/apache/lucene/lucene-spatial3d/8.11.1/lucene-spatial3d-8.11.1.jar:/Users/liding/.m2/repository/org/apache/lucene/lucene-suggest/8.11.1/lucene-suggest-8.11.1.jar:/Users/liding/.m2/repository/org/elasticsearch/elasticsearch-cli/7.17.0/elasticsearch-cli-7.17.0.jar:/Users/liding/.m2/repository/net/sf/jopt-simple/jopt-simple/5.0.2/jopt-simple-5.0.2.jar:/Users/liding/.m2/repository/com/carrotsearch/hppc/0.8.1/hppc-0.8.1.jar:/Users/liding/.m2/repository/joda-time/joda-time/2.10.10/joda-time-2.10.10.jar:/Users/liding/.m2/repository/com/tdunning/t-digest/3.2/t-digest-3.2.jar:/Users/liding/.m2/repository/org/hdrhistogram/HdrHistogram/2.1.9/HdrHistogram-2.1.9.jar:/Users/liding/.m2/repository/org/apache/logging/log4j/log4j-api/2.17.2/log4j-api-2.17.2.jar:/Users/liding/.m2/repository/net/java/dev/jna/jna/5.10.0/jna-5.10.0.jar:/Users/liding/.m2/repository/org/elasticsearch/elasticsearch-plugin-classloader/7.17.0/elasticsearch-plugin-classloader-7.17.0.jar:/Users/liding/.m2/repository/org/elasticsearch/client/elasticsearch-rest-high-level-client/7.17.0/elasticsearch-rest-high-level-client-7.17.0.jar:/Users/liding/.m2/repository/org/elasticsearch/plugin/mapper-extras-client/7.17.0/mapper-extras-client-7.17.0.jar:/Users/liding/.m2/repository/org/elasticsearch/plugin/parent-join-client/7.17.0/parent-join-client-7.17.0.jar:/Users/liding/.m2/repository/org/elasticsearch/plugin/aggs-matrix-stats-client/7.17.0/aggs-matrix-stats-client-7.17.0.jar:/Users/liding/.m2/repository/org/elasticsearch/plugin/rank-eval-client/7.17.0/rank-eval-client-7.17.0.jar:/Users/liding/.m2/repository/org/elasticsearch/plugin/lang-mustache-client/7.17.0/lang-mustache-client-7.17.0.jar:/Users/liding/.m2/repository/com/github/spullara/mustache/java/compiler/0.9.6/compiler-0.9.6.jar:/Users/liding/.m2/repository/com/alibaba/fastjson/1.2.58/fastjson-1.2.58.jar:/Users/liding/.m2/repository/com/alibaba/otter/canal.client/1.1.3/canal.client-1.1.3.jar:/Users/liding/.m2/repository/com/google/protobuf/protobuf-java/3.6.1/protobuf-java-3.6.1.jar:/Users/liding/.m2/repository/io/netty/netty-all/4.1.82.Final/netty-all-4.1.82.Final.jar:/Users/liding/.m2/repository/io/netty/netty-buffer/4.1.82.Final/netty-buffer-4.1.82.Final.jar:/Users/liding/.m2/repository/io/netty/netty-codec/4.1.82.Final/netty-codec-4.1.82.Final.jar:/Users/liding/.m2/repository/io/netty/netty-codec-dns/4.1.82.Final/netty-codec-dns-4.1.82.Final.jar:/Users/liding/.m2/repository/io/netty/netty-codec-haproxy/4.1.82.Final/netty-codec-haproxy-4.1.82.Final.jar:/Users/liding/.m2/repository/io/netty/netty-codec-http/4.1.82.Final/netty-codec-http-4.1.82.Final.jar:/Users/liding/.m2/repository/io/netty/netty-codec-http2/4.1.82.Final/netty-codec-http2-4.1.82.Final.jar:/Users/liding/.m2/repository/io/netty/netty-codec-memcache/4.1.82.Final/netty-codec-memcache-4.1.82.Final.jar:/Users/liding/.m2/repository/io/netty/netty-codec-mqtt/4.1.82.Final/netty-codec-mqtt-4.1.82.Final.jar:/Users/liding/.m2/repository/io/netty/netty-codec-redis/4.1.82.Final/netty-codec-redis-4.1.82.Final.jar:/Users/liding/.m2/repository/io/netty/netty-codec-smtp/4.1.82.Final/netty-codec-smtp-4.1.82.Final.jar:/Users/liding/.m2/repository/io/netty/netty-codec-socks/4.1.82.Final/netty-codec-socks-4.1.82.Final.jar:/Users/liding/.m2/repository/io/netty/netty-codec-stomp/4.1.82.Final/netty-codec-stomp-4.1.82.Final.jar:/Users/liding/.m2/repository/io/netty/netty-codec-xml/4.1.82.Final/netty-codec-xml-4.1.82.Final.jar:/Users/liding/.m2/repository/io/netty/netty-common/4.1.82.Final/netty-common-4.1.82.Final.jar:/Users/liding/.m2/repository/io/netty/netty-handler/4.1.82.Final/netty-handler-4.1.82.Final.jar:/Users/liding/.m2/repository/io/netty/netty-transport-native-unix-common/4.1.82.Final/netty-transport-native-unix-common-4.1.82.Final.jar:/Users/liding/.m2/repository/io/netty/netty-handler-proxy/4.1.82.Final/netty-handler-proxy-4.1.82.Final.jar:/Users/liding/.m2/repository/io/netty/netty-resolver/4.1.82.Final/netty-resolver-4.1.82.Final.jar:/Users/liding/.m2/repository/io/netty/netty-resolver-dns/4.1.82.Final/netty-resolver-dns-4.1.82.Final.jar:/Users/liding/.m2/repository/io/netty/netty-transport/4.1.82.Final/netty-transport-4.1.82.Final.jar:/Users/liding/.m2/repository/io/netty/netty-transport-rxtx/4.1.82.Final/netty-transport-rxtx-4.1.82.Final.jar:/Users/liding/.m2/repository/io/netty/netty-transport-sctp/4.1.82.Final/netty-transport-sctp-4.1.82.Final.jar:/Users/liding/.m2/repository/io/netty/netty-transport-udt/4.1.82.Final/netty-transport-udt-4.1.82.Final.jar:/Users/liding/.m2/repository/io/netty/netty-transport-classes-epoll/4.1.82.Final/netty-transport-classes-epoll-4.1.82.Final.jar:/Users/liding/.m2/repository/io/netty/netty-transport-classes-kqueue/4.1.82.Final/netty-transport-classes-kqueue-4.1.82.Final.jar:/Users/liding/.m2/repository/io/netty/netty-resolver-dns-classes-macos/4.1.82.Final/netty-resolver-dns-classes-macos-4.1.82.Final.jar:/Users/liding/.m2/repository/io/netty/netty-transport-native-epoll/4.1.82.Final/netty-transport-native-epoll-4.1.82.Final-linux-x86_64.jar:/Users/liding/.m2/repository/io/netty/netty-transport-native-epoll/4.1.82.Final/netty-transport-native-epoll-4.1.82.Final-linux-aarch_64.jar:/Users/liding/.m2/repository/io/netty/netty-transport-native-kqueue/4.1.82.Final/netty-transport-native-kqueue-4.1.82.Final-osx-x86_64.jar:/Users/liding/.m2/repository/io/netty/netty-transport-native-kqueue/4.1.82.Final/netty-transport-native-kqueue-4.1.82.Final-osx-aarch_64.jar:/Users/liding/.m2/repository/io/netty/netty-resolver-dns-native-macos/4.1.82.Final/netty-resolver-dns-native-macos-4.1.82.Final-osx-x86_64.jar:/Users/liding/.m2/repository/io/netty/netty-resolver-dns-native-macos/4.1.82.Final/netty-resolver-dns-native-macos-4.1.82.Final-osx-aarch_64.jar:/Users/liding/.m2/repository/org/apache/zookeeper/zookeeper/3.4.5/zookeeper-3.4.5.jar:/Users/liding/.m2/repository/org/jboss/netty/netty/3.2.2.Final/netty-3.2.2.Final.jar:/Users/liding/.m2/repository/com/101tec/zkclient/0.10/zkclient-0.10.jar:/Users/liding/.m2/repository/commons-io/commons-io/2.4/commons-io-2.4.jar:/Users/liding/.m2/repository/commons-lang/commons-lang/2.6/commons-lang-2.6.jar:/Users/liding/.m2/repository/ch/qos/logback/logback-core/1.2.11/logback-core-1.2.11.jar:/Users/liding/.m2/repository/ch/qos/logback/logback-classic/1.2.11/logback-classic-1.2.11.jar:/Users/liding/.m2/repository/org/slf4j/jcl-over-slf4j/1.7.36/jcl-over-slf4j-1.7.36.jar:/Users/liding/.m2/repository/org/slf4j/slf4j-api/1.7.36/slf4j-api-1.7.36.jar:/Users/liding/.m2/repository/org/springframework/spring-context/5.3.23/spring-context-5.3.23.jar:/Users/liding/.m2/repository/org/springframework/spring-jdbc/5.3.23/spring-jdbc-5.3.23.jar:/Users/liding/.m2/repository/org/springframework/spring-tx/5.3.23/spring-tx-5.3.23.jar:/Users/liding/.m2/repository/org/springframework/spring-orm/5.3.23/spring-orm-5.3.23.jar:/Users/liding/.m2/repository/org/apache/rocketmq/rocketmq-client/4.3.0/rocketmq-client-4.3.0.jar:/Users/liding/.m2/repository/org/apache/rocketmq/rocketmq-common/4.3.0/rocketmq-common-4.3.0.jar:/Users/liding/.m2/repository/org/apache/rocketmq/rocketmq-remoting/4.3.0/rocketmq-remoting-4.3.0.jar:/Users/liding/.m2/repository/org/apache/rocketmq/rocketmq-logging/4.3.0/rocketmq-logging-4.3.0.jar:/Users/liding/.m2/repository/io/netty/netty-tcnative-boringssl-static/2.0.54.Final/netty-tcnative-boringssl-static-2.0.54.Final.jar:/Users/liding/.m2/repository/io/netty/netty-tcnative-classes/2.0.54.Final/netty-tcnative-classes-2.0.54.Final.jar:/Users/liding/.m2/repository/io/netty/netty-tcnative-boringssl-static/2.0.54.Final/netty-tcnative-boringssl-static-2.0.54.Final-linux-x86_64.jar:/Users/liding/.m2/repository/io/netty/netty-tcnative-boringssl-static/2.0.54.Final/netty-tcnative-boringssl-static-2.0.54.Final-linux-aarch_64.jar:/Users/liding/.m2/repository/io/netty/netty-tcnative-boringssl-static/2.0.54.Final/netty-tcnative-boringssl-static-2.0.54.Final-osx-x86_64.jar:/Users/liding/.m2/repository/io/netty/netty-tcnative-boringssl-static/2.0.54.Final/netty-tcnative-boringssl-static-2.0.54.Final-osx-aarch_64.jar:/Users/liding/.m2/repository/io/netty/netty-tcnative-boringssl-static/2.0.54.Final/netty-tcnative-boringssl-static-2.0.54.Final-windows-x86_64.jar:/Users/liding/.m2/repository/org/apache/commons/commons-lang3/3.12.0/commons-lang3-3.12.0.jar:/Users/liding/.m2/repository/com/aliyun/openservices/aliware-apache-rocketmq-cloud/1.0/aliware-apache-rocketmq-cloud-1.0.jar:/Users/liding/.m2/repository/com/alibaba/otter/canal.common/1.1.3/canal.common-1.1.3.jar:/Users/liding/.m2/repository/com/google/code/findbugs/jsr305/3.0.2/jsr305-3.0.2.jar:/Users/liding/.m2/repository/com/alibaba/otter/canal.protocol/1.1.3/canal.protocol-1.1.3.jar:/Users/liding/.m2/repository/org/xerial/snappy/snappy-java/1.1.8.4/snappy-java-1.1.8.4.jar:/Users/liding/.m2/repository/org/apache/spark/spark-mllib_2.12/2.4.4/spark-mllib_2.12-2.4.4.jar:/Users/liding/.m2/repository/org/scala-lang/modules/scala-parser-combinators_2.12/1.1.0/scala-parser-combinators_2.12-1.1.0.jar:/Users/liding/.m2/repository/org/scala-lang/scala-library/2.12.4/scala-library-2.12.4.jar:/Users/liding/.m2/repository/org/apache/spark/spark-core_2.12/2.4.4/spark-core_2.12-2.4.4.jar:/Users/liding/.m2/repository/com/thoughtworks/paranamer/paranamer/2.8/paranamer-2.8.jar:/Users/liding/.m2/repository/org/apache/avro/avro/1.8.2/avro-1.8.2.jar:/Users/liding/.m2/repository/org/codehaus/jackson/jackson-core-asl/1.9.13/jackson-core-asl-1.9.13.jar:/Users/liding/.m2/repository/org/codehaus/jackson/jackson-mapper-asl/1.9.13/jackson-mapper-asl-1.9.13.jar:/Users/liding/.m2/repository/org/apache/commons/commons-compress/1.8.1/commons-compress-1.8.1.jar:/Users/liding/.m2/repository/org/tukaani/xz/1.5/xz-1.5.jar:/Users/liding/.m2/repository/org/apache/avro/avro-mapred/1.8.2/avro-mapred-1.8.2-hadoop2.jar:/Users/liding/.m2/repository/org/apache/avro/avro-ipc/1.8.2/avro-ipc-1.8.2.jar:/Users/liding/.m2/repository/com/twitter/chill_2.12/0.9.3/chill_2.12-0.9.3.jar:/Users/liding/.m2/repository/com/esotericsoftware/kryo-shaded/4.0.2/kryo-shaded-4.0.2.jar:/Users/liding/.m2/repository/com/esotericsoftware/minlog/1.3.0/minlog-1.3.0.jar:/Users/liding/.m2/repository/com/twitter/chill-java/0.9.3/chill-java-0.9.3.jar:/Users/liding/.m2/repository/org/apache/xbean/xbean-asm6-shaded/4.8/xbean-asm6-shaded-4.8.jar:/Users/liding/.m2/repository/org/apache/hadoop/hadoop-client/2.6.5/hadoop-client-2.6.5.jar:/Users/liding/.m2/repository/org/apache/hadoop/hadoop-common/2.6.5/hadoop-common-2.6.5.jar:/Users/liding/.m2/repository/commons-cli/commons-cli/1.2/commons-cli-1.2.jar:/Users/liding/.m2/repository/xmlenc/xmlenc/0.52/xmlenc-0.52.jar:/Users/liding/.m2/repository/commons-httpclient/commons-httpclient/3.1/commons-httpclient-3.1.jar:/Users/liding/.m2/repository/commons-collections/commons-collections/3.2.2/commons-collections-3.2.2.jar:/Users/liding/.m2/repository/commons-configuration/commons-configuration/1.6/commons-configuration-1.6.jar:/Users/liding/.m2/repository/commons-digester/commons-digester/1.8/commons-digester-1.8.jar:/Users/liding/.m2/repository/commons-beanutils/commons-beanutils/1.7.0/commons-beanutils-1.7.0.jar:/Users/liding/.m2/repository/com/google/code/gson/gson/2.8.9/gson-2.8.9.jar:/Users/liding/.m2/repository/org/apache/hadoop/hadoop-auth/2.6.5/hadoop-auth-2.6.5.jar:/Users/liding/.m2/repository/org/apache/directory/server/apacheds-kerberos-codec/2.0.0-M15/apacheds-kerberos-codec-2.0.0-M15.jar:/Users/liding/.m2/repository/org/apache/directory/server/apacheds-i18n/2.0.0-M15/apacheds-i18n-2.0.0-M15.jar:/Users/liding/.m2/repository/org/apache/directory/api/api-asn1-api/1.0.0-M20/api-asn1-api-1.0.0-M20.jar:/Users/liding/.m2/repository/org/apache/directory/api/api-util/1.0.0-M20/api-util-1.0.0-M20.jar:/Users/liding/.m2/repository/org/apache/curator/curator-client/2.6.0/curator-client-2.6.0.jar:/Users/liding/.m2/repository/org/htrace/htrace-core/3.0.4/htrace-core-3.0.4.jar:/Users/liding/.m2/repository/org/apache/hadoop/hadoop-hdfs/2.6.5/hadoop-hdfs-2.6.5.jar:/Users/liding/.m2/repository/org/mortbay/jetty/jetty-util/6.1.26/jetty-util-6.1.26.jar:/Users/liding/.m2/repository/xerces/xercesImpl/2.9.1/xercesImpl-2.9.1.jar:/Users/liding/.m2/repository/xml-apis/xml-apis/1.3.04/xml-apis-1.3.04.jar:/Users/liding/.m2/repository/org/apache/hadoop/hadoop-mapreduce-client-app/2.6.5/hadoop-mapreduce-client-app-2.6.5.jar:/Users/liding/.m2/repository/org/apache/hadoop/hadoop-mapreduce-client-common/2.6.5/hadoop-mapreduce-client-common-2.6.5.jar:/Users/liding/.m2/repository/org/apache/hadoop/hadoop-yarn-client/2.6.5/hadoop-yarn-client-2.6.5.jar:/Users/liding/.m2/repository/org/apache/hadoop/hadoop-yarn-server-common/2.6.5/hadoop-yarn-server-common-2.6.5.jar:/Users/liding/.m2/repository/org/apache/hadoop/hadoop-mapreduce-client-shuffle/2.6.5/hadoop-mapreduce-client-shuffle-2.6.5.jar:/Users/liding/.m2/repository/org/apache/hadoop/hadoop-yarn-api/2.6.5/hadoop-yarn-api-2.6.5.jar:/Users/liding/.m2/repository/org/apache/hadoop/hadoop-mapreduce-client-core/2.6.5/hadoop-mapreduce-client-core-2.6.5.jar:/Users/liding/.m2/repository/org/apache/hadoop/hadoop-yarn-common/2.6.5/hadoop-yarn-common-2.6.5.jar:/Users/liding/.m2/repository/javax/xml/bind/jaxb-api/2.3.1/jaxb-api-2.3.1.jar:/Users/liding/.m2/repository/javax/activation/javax.activation-api/1.2.0/javax.activation-api-1.2.0.jar:/Users/liding/.m2/repository/org/codehaus/jackson/jackson-jaxrs/1.9.13/jackson-jaxrs-1.9.13.jar:/Users/liding/.m2/repository/org/codehaus/jackson/jackson-xc/1.9.13/jackson-xc-1.9.13.jar:/Users/liding/.m2/repository/org/apache/hadoop/hadoop-mapreduce-client-jobclient/2.6.5/hadoop-mapreduce-client-jobclient-2.6.5.jar:/Users/liding/.m2/repository/org/apache/hadoop/hadoop-annotations/2.6.5/hadoop-annotations-2.6.5.jar:/Users/liding/.m2/repository/org/apache/spark/spark-launcher_2.12/2.4.4/spark-launcher_2.12-2.4.4.jar:/Users/liding/.m2/repository/org/apache/spark/spark-kvstore_2.12/2.4.4/spark-kvstore_2.12-2.4.4.jar:/Users/liding/.m2/repository/org/fusesource/leveldbjni/leveldbjni-all/1.8/leveldbjni-all-1.8.jar:/Users/liding/.m2/repository/org/apache/spark/spark-network-common_2.12/2.4.4/spark-network-common_2.12-2.4.4.jar:/Users/liding/.m2/repository/org/apache/spark/spark-network-shuffle_2.12/2.4.4/spark-network-shuffle_2.12-2.4.4.jar:/Users/liding/.m2/repository/org/apache/spark/spark-unsafe_2.12/2.4.4/spark-unsafe_2.12-2.4.4.jar:/Users/liding/.m2/repository/javax/activation/activation/1.1.1/activation-1.1.1.jar:/Users/liding/.m2/repository/org/apache/curator/curator-recipes/2.6.0/curator-recipes-2.6.0.jar:/Users/liding/.m2/repository/org/apache/curator/curator-framework/2.6.0/curator-framework-2.6.0.jar:/Users/liding/.m2/repository/javax/servlet/javax.servlet-api/4.0.1/javax.servlet-api-4.0.1.jar:/Users/liding/.m2/repository/log4j/log4j/1.2.17/log4j-1.2.17.jar:/Users/liding/.m2/repository/org/slf4j/slf4j-reload4j/1.7.36/slf4j-reload4j-1.7.36.jar:/Users/liding/.m2/repository/ch/qos/reload4j/reload4j/1.2.19/reload4j-1.2.19.jar:/Users/liding/.m2/repository/com/ning/compress-lzf/1.0.3/compress-lzf-1.0.3.jar:/Users/liding/.m2/repository/com/github/luben/zstd-jni/1.3.2-2/zstd-jni-1.3.2-2.jar:/Users/liding/.m2/repository/org/roaringbitmap/RoaringBitmap/0.7.45/RoaringBitmap-0.7.45.jar:/Users/liding/.m2/repository/org/roaringbitmap/shims/0.7.45/shims-0.7.45.jar:/Users/liding/.m2/repository/commons-net/commons-net/3.1/commons-net-3.1.jar:/Users/liding/.m2/repository/org/json4s/json4s-jackson_2.12/3.5.3/json4s-jackson_2.12-3.5.3.jar:/Users/liding/.m2/repository/org/json4s/json4s-core_2.12/3.5.3/json4s-core_2.12-3.5.3.jar:/Users/liding/.m2/repository/org/json4s/json4s-ast_2.12/3.5.3/json4s-ast_2.12-3.5.3.jar:/Users/liding/.m2/repository/org/json4s/json4s-scalap_2.12/3.5.3/json4s-scalap_2.12-3.5.3.jar:/Users/liding/.m2/repository/org/scala-lang/modules/scala-xml_2.12/1.0.6/scala-xml_2.12-1.0.6.jar:/Users/liding/.m2/repository/org/glassfish/jersey/core/jersey-client/2.35/jersey-client-2.35.jar:/Users/liding/.m2/repository/jakarta/ws/rs/jakarta.ws.rs-api/2.1.6/jakarta.ws.rs-api-2.1.6.jar:/Users/liding/.m2/repository/org/glassfish/hk2/external/jakarta.inject/2.6.1/jakarta.inject-2.6.1.jar:/Users/liding/.m2/repository/org/glassfish/jersey/core/jersey-common/2.35/jersey-common-2.35.jar:/Users/liding/.m2/repository/org/glassfish/hk2/osgi-resource-locator/1.0.3/osgi-resource-locator-1.0.3.jar:/Users/liding/.m2/repository/org/glassfish/jersey/core/jersey-server/2.35/jersey-server-2.35.jar:/Users/liding/.m2/repository/org/glassfish/jersey/containers/jersey-container-servlet/2.35/jersey-container-servlet-2.35.jar:/Users/liding/.m2/repository/org/glassfish/jersey/containers/jersey-container-servlet-core/2.35/jersey-container-servlet-core-2.35.jar:/Users/liding/.m2/repository/io/netty/netty/3.9.9.Final/netty-3.9.9.Final.jar:/Users/liding/.m2/repository/com/clearspring/analytics/stream/2.7.0/stream-2.7.0.jar:/Users/liding/.m2/repository/io/dropwizard/metrics/metrics-core/4.2.12/metrics-core-4.2.12.jar:/Users/liding/.m2/repository/io/dropwizard/metrics/metrics-jvm/4.2.12/metrics-jvm-4.2.12.jar:/Users/liding/.m2/repository/io/dropwizard/metrics/metrics-json/4.2.12/metrics-json-4.2.12.jar:/Users/liding/.m2/repository/io/dropwizard/metrics/metrics-graphite/4.2.12/metrics-graphite-4.2.12.jar:/Users/liding/.m2/repository/com/rabbitmq/amqp-client/5.13.1/amqp-client-5.13.1.jar:/Users/liding/.m2/repository/com/fasterxml/jackson/module/jackson-module-scala_2.12/2.13.4/jackson-module-scala_2.12-2.13.4.jar:/Users/liding/.m2/repository/org/apache/ivy/ivy/2.4.0/ivy-2.4.0.jar:/Users/liding/.m2/repository/oro/oro/2.0.8/oro-2.0.8.jar:/Users/liding/.m2/repository/net/razorvine/pyrolite/4.13/pyrolite-4.13.jar:/Users/liding/.m2/repository/net/sf/py4j/py4j/0.10.7/py4j-0.10.7.jar:/Users/liding/.m2/repository/org/apache/commons/commons-crypto/1.0.0/commons-crypto-1.0.0.jar:/Users/liding/.m2/repository/org/apache/spark/spark-streaming_2.12/2.4.4/spark-streaming_2.12-2.4.4.jar:/Users/liding/.m2/repository/org/apache/spark/spark-sql_2.12/2.4.4/spark-sql_2.12-2.4.4.jar:/Users/liding/.m2/repository/com/univocity/univocity-parsers/2.7.3/univocity-parsers-2.7.3.jar:/Users/liding/.m2/repository/org/apache/spark/spark-sketch_2.12/2.4.4/spark-sketch_2.12-2.4.4.jar:/Users/liding/.m2/repository/org/apache/spark/spark-catalyst_2.12/2.4.4/spark-catalyst_2.12-2.4.4.jar:/Users/liding/.m2/repository/org/scala-lang/scala-reflect/2.12.8/scala-reflect-2.12.8.jar:/Users/liding/.m2/repository/org/antlr/antlr4-runtime/4.7/antlr4-runtime-4.7.jar:/Users/liding/.m2/repository/org/apache/orc/orc-core/1.5.5/orc-core-1.5.5-nohive.jar:/Users/liding/.m2/repository/org/apache/orc/orc-shims/1.5.5/orc-shims-1.5.5.jar:/Users/liding/.m2/repository/io/airlift/aircompressor/0.10/aircompressor-0.10.jar:/Users/liding/.m2/repository/org/apache/orc/orc-mapreduce/1.5.5/orc-mapreduce-1.5.5-nohive.jar:/Users/liding/.m2/repository/org/apache/parquet/parquet-column/1.10.1/parquet-column-1.10.1.jar:/Users/liding/.m2/repository/org/apache/parquet/parquet-common/1.10.1/parquet-common-1.10.1.jar:/Users/liding/.m2/repository/org/apache/parquet/parquet-encoding/1.10.1/parquet-encoding-1.10.1.jar:/Users/liding/.m2/repository/org/apache/parquet/parquet-hadoop/1.10.1/parquet-hadoop-1.10.1.jar:/Users/liding/.m2/repository/org/apache/parquet/parquet-format/2.4.0/parquet-format-2.4.0.jar:/Users/liding/.m2/repository/org/apache/parquet/parquet-jackson/1.10.1/parquet-jackson-1.10.1.jar:/Users/liding/.m2/repository/org/apache/arrow/arrow-vector/0.10.0/arrow-vector-0.10.0.jar:/Users/liding/.m2/repository/org/apache/arrow/arrow-format/0.10.0/arrow-format-0.10.0.jar:/Users/liding/.m2/repository/org/apache/arrow/arrow-memory/0.10.0/arrow-memory-0.10.0.jar:/Users/liding/.m2/repository/com/vlkan/flatbuffers/1.2.0-3f79e055/flatbuffers-1.2.0-3f79e055.jar:/Users/liding/.m2/repository/org/apache/spark/spark-graphx_2.12/2.4.4/spark-graphx_2.12-2.4.4.jar:/Users/liding/.m2/repository/com/github/fommil/netlib/core/1.1.2/core-1.1.2.jar:/Users/liding/.m2/repository/net/sourceforge/f2j/arpack_combined_all/0.1/arpack_combined_all-0.1.jar:/Users/liding/.m2/repository/org/apache/spark/spark-mllib-local_2.12/2.4.4/spark-mllib-local_2.12-2.4.4.jar:/Users/liding/.m2/repository/org/scalanlp/breeze_2.12/0.13.2/breeze_2.12-0.13.2.jar:/Users/liding/.m2/repository/org/scalanlp/breeze-macros_2.12/0.13.2/breeze-macros_2.12-0.13.2.jar:/Users/liding/.m2/repository/net/sf/opencsv/opencsv/2.3/opencsv-2.3.jar:/Users/liding/.m2/repository/com/github/rwl/jtransforms/2.4.0/jtransforms-2.4.0.jar:/Users/liding/.m2/repository/org/spire-math/spire_2.12/0.13.0/spire_2.12-0.13.0.jar:/Users/liding/.m2/repository/org/spire-math/spire-macros_2.12/0.13.0/spire-macros_2.12-0.13.0.jar:/Users/liding/.m2/repository/org/typelevel/machinist_2.12/0.6.1/machinist_2.12-0.6.1.jar:/Users/liding/.m2/repository/com/chuusai/shapeless_2.12/2.3.2/shapeless_2.12-2.3.2.jar:/Users/liding/.m2/repository/org/typelevel/macro-compat_2.12/1.1.1/macro-compat_2.12-1.1.1.jar:/Users/liding/.m2/repository/org/apache/commons/commons-math3/3.4.1/commons-math3-3.4.1.jar:/Users/liding/.m2/repository/org/apache/spark/spark-tags_2.12/2.4.4/spark-tags_2.12-2.4.4.jar:/Users/liding/.m2/repository/org/spark-project/spark/unused/1.0.0/unused-1.0.0.jar:/Users/liding/.m2/repository/org/codehaus/janino/janino/3.0.16/janino-3.0.16.jar:/Users/liding/.m2/repository/org/codehaus/janino/commons-compiler/3.0.16/commons-compiler-3.0.16.jar:/Users/liding/.m2/repository/com/google/guava/guava/14.0.1/guava-14.0.1.jar:"/>
    <property name="sun.cpu.endian" value="little"/>
    <property name="user.home" value="/Users/liding"/>
    <property name="user.language" value="zh"/>
    <property name="java.specification.vendor" value="Oracle Corporation"/>
    <property name="java.home" value="/Library/Java/JavaVirtualMachines/zulu-8.jdk/Contents/Home/jre"/>
    <property name="basedir" value="/Users/liding/Documents/demo"/>
    <property name="https.proxyHost" value="127.0.0.1"/>
    <property name="file.separator" value="/"/>
    <property name="line.separator" value="&#10;"/>
    <property name="jdk.vendor.version" value="Zulu 8.64.0.19-CA-macos-aarch64"/>
    <property name="java.vm.specification.vendor" value="Oracle Corporation"/>
    <property name="java.specification.name" value="Java Platform API Specification"/>
    <property name="java.awt.graphicsenv" value="sun.awt.CGraphicsEnvironment"/>
    <property name="surefire.real.class.path" value="/Users/liding/Documents/demo/target/surefire/surefirebooter6533996612955953446.jar"/>
    <property name="sun.boot.class.path" value="/Library/Java/JavaVirtualMachines/zulu-8.jdk/Contents/Home/jre/lib/resources.jar:/Library/Java/JavaVirtualMachines/zulu-8.jdk/Contents/Home/jre/lib/rt.jar:/Library/Java/JavaVirtualMachines/zulu-8.jdk/Contents/Home/jre/lib/sunrsasign.jar:/Library/Java/JavaVirtualMachines/zulu-8.jdk/Contents/Home/jre/lib/jsse.jar:/Library/Java/JavaVirtualMachines/zulu-8.jdk/Contents/Home/jre/lib/jce.jar:/Library/Java/JavaVirtualMachines/zulu-8.jdk/Contents/Home/jre/lib/charsets.jar:/Library/Java/JavaVirtualMachines/zulu-8.jdk/Contents/Home/jre/lib/jfr.jar:/Library/Java/JavaVirtualMachines/zulu-8.jdk/Contents/Home/jre/lib/cat.jar:/Library/Java/JavaVirtualMachines/zulu-8.jdk/Contents/Home/jre/classes"/>
    <property name="sun.management.compiler" value="HotSpot 64-Bit Tiered Compilers"/>
    <property name="ftp.nonProxyHosts" value="192.168.0.0/16|*.192.168.0.0/16|10.0.0.0/8|*.10.0.0.0/8|172.16.0.0/12|*.172.16.0.0/12|127.0.0.1|localhost|*.localhost|local|*.local|timestamp.apple.com|*.timestamp.apple.com"/>
    <property name="java.runtime.version" value="1.8.0_345-b01"/>
    <property name="user.name" value="liding"/>
    <property name="path.separator" value=":"/>
    <property name="os.version" value="12.5"/>
    <property name="java.endorsed.dirs" value="/Library/Java/JavaVirtualMachines/zulu-8.jdk/Contents/Home/jre/lib/endorsed"/>
    <property name="java.runtime.name" value="OpenJDK Runtime Environment"/>
    <property name="file.encoding" value="UTF-8"/>
    <property name="java.vm.name" value="OpenJDK 64-Bit Server VM"/>
    <property name="localRepository" value="/Users/liding/.m2/repository"/>
    <property name="java.vendor.url.bug" value="http://www.azul.com/support/"/>
    <property name="java.io.tmpdir" value="/var/folders/kr/w1wdz0q97vg_96kqkx5tbx180000gn/T/"/>
    <property name="idea.version" value="2022.2.2"/>
    <property name="java.version" value="1.8.0_345"/>
    <property name="user.dir" value="/Users/liding/Documents/demo"/>
    <property name="os.arch" value="aarch64"/>
    <property name="socksProxyPort" value="7890"/>
    <property name="java.vm.specification.name" value="Java Virtual Machine Specification"/>
    <property name="java.awt.printerjob" value="sun.lwawt.macosx.CPrinterJob"/>
    <property name="sun.os.patch.level" value="unknown"/>
    <property name="java.library.path" value="/Users/liding/Library/Java/Extensions:/Library/Java/Extensions:/Network/Library/Java/Extensions:/System/Library/Java/Extensions:/usr/lib/java:."/>
    <property name="java.vm.info" value="mixed mode"/>
    <property name="java.vendor" value="Azul Systems, Inc."/>
    <property name="java.vm.version" value="25.345-b01"/>
    <property name="java.ext.dirs" value="/Users/liding/Library/Java/Extensions:/Library/Java/JavaVirtualMachines/zulu-8.jdk/Contents/Home/jre/lib/ext:/Library/Java/Extensions:/Network/Library/Java/Extensions:/System/Library/Java/Extensions:/usr/lib/java"/>
    <property name="sun.io.unicode.encoding" value="UnicodeBig"/>
    <property name="java.class.version" value="52.0"/>
    <property name="socksNonProxyHosts" value="192.168.0.0/16|*.192.168.0.0/16|10.0.0.0/8|*.10.0.0.0/8|172.16.0.0/12|*.172.16.0.0/12|127.0.0.1|localhost|*.localhost|local|*.local|timestamp.apple.com|*.timestamp.apple.com"/>
    <property name="http.proxyPort" value="7890"/>
  </properties>
  <testcase name="contextLoads" classname="com.example.demo.DemoApplicationTests" time="0.2"/>
</testsuite>